Removed Pin From Net: NetName=PC13 Pin=U1-3
Removed Pin From Net: NetName=PC14 Pin=U1-4
Removed Pin From Net: NetName=PC15 Pin=U1-5
Removed Pin From Net: NetName=PF0 Pin=U1-6
Removed Pin From Net: NetName=PF1 Pin=U1-7
Removed Pin From Net: NetName=PF2 Pin=U1-8
Removed Pin From Net: NetName=PF3 Pin=U1-9
Removed Pin From Net: NetName=PF4 Pin=U1-10
Removed Pin From Net: NetName=PF5 Pin=U1-11
Removed Pin From Net: NetName=PF6 Pin=U1-14
Removed Pin From Net: NetName=PF7 Pin=U1-15
Removed Pin From Net: NetName=PF8 Pin=U1-16
Removed Pin From Net: NetName=NRST Pin=U1-21
Removed Pin From Net: NetName=PC0 Pin=U1-22
Removed Pin From Net: NetName=PC1 Pin=U1-23
Removed Pin From Net: NetName=PC2 Pin=U1-24
Removed Pin From Net: NetName=PC3 Pin=U1-25
Change Net Name : Old Net Name=NetJP1_3 New Net Name=PE4
Change Net Name : Old Net Name=NetJP1_4 New Net Name=PE5
Change Net Name : Old Net Name=PA0 New Net Name=VDD_12
Change Net Name : Old Net Name=PA1 New Net Name=VSSA
Change Net Name : Old Net Name=PA2 New Net Name=VREF+
Change Net Name : Old Net Name=PC0 New Net Name=PA0
Change Net Name : Old Net Name=PC1 New Net Name=PA1
Change Net Name : Old Net Name=PC2 New Net Name=PA2
Change Net Name : Old Net Name=PC3 New Net Name=VDDA
Change Net Name : Old Net Name=PE2 New Net Name=PE6
Change Net Name : Old Net Name=PE3 New Net Name=VBAT
Change Net Name : Old Net Name=PE4 New Net Name=NetJP1_3
Change Net Name : Old Net Name=PE5 New Net Name=NetJP1_4
Change Net Name : Old Net Name=PE6 New Net Name=PE2
Change Net Name : Old Net Name=PF2 New Net Name=VSS_5
Change Net Name : Old Net Name=PF3 New Net Name=PF9
Change Net Name : Old Net Name=PF6 New Net Name=PF10
Change Net Name : Old Net Name=PF7 New Net Name=PH0
Change Net Name : Old Net Name=PF8 New Net Name=PH1
Change Net Name : Old Net Name=PF9 New Net Name=VDD_5
Change Net Name : Old Net Name=PF10 New Net Name=PF6
Change Net Name : Old Net Name=PH0 New Net Name=PF7
Change Net Name : Old Net Name=PH1 New Net Name=PF8
Change Net Name : Old Net Name=VBAT New Net Name=PE3
Change Net Name : Old Net Name=VDDA New Net Name=PC3
Change Net Name : Old Net Name=VDD_5 New Net Name=PF3
Change Net Name : Old Net Name=VDD_12 New Net Name=PC0
Change Net Name : Old Net Name=VREF+ New Net Name=PC2
Change Net Name : Old Net Name=VSSA New Net Name=PC1
Change Net Name : Old Net Name=VSS_5 New Net Name=PF2
Added Pin To Net: NetName=NetJP1_3 Pin=U1-3
Added Pin To Net: NetName=NetJP1_4 Pin=U1-4
Added Pin To Net: NetName=PE2 Pin=U1-5
Added Pin To Net: NetName=PE3 Pin=U1-6
Added Pin To Net: NetName=PC13 Pin=U1-7
Added Pin To Net: NetName=PC14 Pin=U1-8
Added Pin To Net: NetName=PC15 Pin=U1-9
Added Pin To Net: NetName=PF0 Pin=U1-10
Added Pin To Net: NetName=PF1 Pin=U1-11
Added Pin To Net: NetName=PF4 Pin=U1-14
Added Pin To Net: NetName=PF5 Pin=U1-15
Added Pin To Net: NetName=PF2 Pin=U1-16
Added Pin To Net: NetName=PF3 Pin=U1-21
Added Pin To Net: NetName=PF6 Pin=U1-22
Added Pin To Net: NetName=PF7 Pin=U1-23
Added Pin To Net: NetName=PF8 Pin=U1-24
Added Pin To Net: NetName=NRST Pin=U1-25
Added Pin To Net: NetName=PC3 Pin=U1-33
Added Pin To Net: NetName=PC0 Pin=U1-34
Added Pin To Net: NetName=PC1 Pin=U1-35
Added Pin To Net: NetName=PC2 Pin=U1-36
Added Member To Class: ClassName=main_sch Member=Component JP2 Header 20X2
