Removed Pin From Net: NetName=PE2 Pin=U1-1
Removed Pin From Net: NetName=PE3 Pin=U1-2
Removed Pin From Net: NetName=PE4 Pin=U1-3
Removed Pin From Net: NetName=PE5 Pin=U1-4
Removed Pin From Net: NetName=PE6 Pin=U1-5
Removed Pin From Net: NetName=VBAT Pin=U1-6
Removed Pin From Net: NetName=PC13 Pin=U1-7
Removed Pin From Net: NetName=PC14 Pin=U1-8
Removed Pin From Net: NetName=PC15 Pin=U1-9
Removed Pin From Net: NetName=PF0 Pin=U1-10
Removed Pin From Net: NetName=PF1 Pin=U1-11
Removed Pin From Net: NetName=PF2 Pin=U1-12
Removed Pin From Net: NetName=PF3 Pin=U1-13
Removed Pin From Net: NetName=PF4 Pin=U1-14
Removed Pin From Net: NetName=PF5 Pin=U1-15
Removed Pin From Net: NetName=VSS_5 Pin=U1-16
Removed Pin From Net: NetName=VDD_5 Pin=U1-17
Removed Pin From Net: NetName=PF6 Pin=U1-18
Removed Pin From Net: NetName=PF7 Pin=U1-19
Removed Pin From Net: NetName=PF8 Pin=U1-20
Removed Pin From Net: NetName=PF9 Pin=U1-21
Removed Pin From Net: NetName=PF10 Pin=U1-22
Removed Pin From Net: NetName=PH0 Pin=U1-23
Removed Pin From Net: NetName=PH1 Pin=U1-24
Removed Pin From Net: NetName=NRST Pin=U1-25
Removed Pin From Net: NetName=PC0 Pin=U1-26
Removed Pin From Net: NetName=PC1 Pin=U1-27
Removed Pin From Net: NetName=PC2 Pin=U1-28
Removed Pin From Net: NetName=PC3 Pin=U1-29
Removed Pin From Net: NetName=VDD_12 Pin=U1-30
Removed Pin From Net: NetName=VSSA Pin=U1-31
Removed Pin From Net: NetName=VREF+ Pin=U1-32
Removed Pin From Net: NetName=VDDA Pin=U1-33
Removed Pin From Net: NetName=PA0 Pin=U1-34
Removed Pin From Net: NetName=PA1 Pin=U1-35
Removed Pin From Net: NetName=PA2 Pin=U1-36
Change Component Designator: OldDesignator=JP2 NewDesignator=JP5
Added Component: Designator=JP2(HDR2X20)
Added Component: Designator=JP3(HDR2X20)
Added Component: Designator=JP4(HDR2X20)
Added Component: Designator=JP6(HDR2X20)
Added Component: Designator=JP7(HDR2X20)
Added Component: Designator=JP8(HDR2X20)
Change Net Name : Old Net Name=NRST New Net Name=PF9
Change Net Name : Old Net Name=NetJP1_37 New Net Name=VDDA
Change Net Name : Old Net Name=NetJP1_38 New Net Name=PA0
Change Net Name : Old Net Name=NetJP1_39 New Net Name=PA1
Change Net Name : Old Net Name=NetJP1_40 New Net Name=PA2
Change Net Name : Old Net Name=PA0 New Net Name=VDD_12
Change Net Name : Old Net Name=PA1 New Net Name=VSSA
Change Net Name : Old Net Name=PA2 New Net Name=VREF+
Change Net Name : Old Net Name=PC0 New Net Name=PF10
Change Net Name : Old Net Name=PC1 New Net Name=PH0
Change Net Name : Old Net Name=PC2 New Net Name=PH1
Change Net Name : Old Net Name=PC3 New Net Name=NRST
Change Net Name : Old Net Name=PC13 New Net Name=PE4
Change Net Name : Old Net Name=PC14 New Net Name=PE5
Change Net Name : Old Net Name=PC15 New Net Name=PE6
Change Net Name : Old Net Name=PE2 New Net Name=NetJP1_1
Change Net Name : Old Net Name=PE3 New Net Name=NetJP1_2
Change Net Name : Old Net Name=PE4 New Net Name=NetJP1_3
Change Net Name : Old Net Name=PE5 New Net Name=NetJP1_4
Change Net Name : Old Net Name=PE6 New Net Name=PE2
Change Net Name : Old Net Name=PF0 New Net Name=VBAT
Change Net Name : Old Net Name=PF1 New Net Name=PC13
Change Net Name : Old Net Name=PF2 New Net Name=PC14
Change Net Name : Old Net Name=PF3 New Net Name=PC15
Change Net Name : Old Net Name=PF4 New Net Name=PF0
Change Net Name : Old Net Name=PF5 New Net Name=PF1
Change Net Name : Old Net Name=PF6 New Net Name=PF4
Change Net Name : Old Net Name=PF7 New Net Name=PF5
Change Net Name : Old Net Name=PF8 New Net Name=VSS_5
Change Net Name : Old Net Name=PF9 New Net Name=VDD_5
Change Net Name : Old Net Name=PF10 New Net Name=PF6
Change Net Name : Old Net Name=PH0 New Net Name=PF7
Change Net Name : Old Net Name=PH1 New Net Name=PF8
Change Net Name : Old Net Name=VBAT New Net Name=PE3
Change Net Name : Old Net Name=VDDA New Net Name=PC3
Change Net Name : Old Net Name=VDD_5 New Net Name=PF3
Change Net Name : Old Net Name=VDD_12 New Net Name=PC0
Change Net Name : Old Net Name=VREF+ New Net Name=PC2
Change Net Name : Old Net Name=VSSA New Net Name=PC1
Change Net Name : Old Net Name=VSS_5 New Net Name=PF2
Added Pin To Net: NetName=BOOT0 Pin=JP4-30
Added Pin To Net: NetName=BOOT0 Pin=JP8-30
Added Pin To Net: NetName=BOOT0 Pin=U1-138
Added Net: Name=BOOT0
Added Pin To Net: NetName=NetJP2_37 Pin=JP2-37
Added Pin To Net: NetName=NetJP2_37 Pin=JP6-37
Added Net: Name=NetJP2_37
Added Pin To Net: NetName=NetJP2_38 Pin=JP2-38
Added Pin To Net: NetName=NetJP2_38 Pin=JP6-38
Added Net: Name=NetJP2_38
Added Pin To Net: NetName=NetJP2_39 Pin=JP2-39
Added Pin To Net: NetName=NetJP2_39 Pin=JP6-39
Added Net: Name=NetJP2_39
Added Pin To Net: NetName=NetJP2_40 Pin=JP2-40
Added Pin To Net: NetName=NetJP2_40 Pin=JP6-40
Added Net: Name=NetJP2_40
Added Pin To Net: NetName=NetJP3_1 Pin=JP3-1
Added Pin To Net: NetName=NetJP3_1 Pin=JP7-1
Added Net: Name=NetJP3_1
Added Pin To Net: NetName=NetJP3_2 Pin=JP3-2
Added Pin To Net: NetName=NetJP3_2 Pin=JP7-2
Added Net: Name=NetJP3_2
Added Pin To Net: NetName=NetJP3_3 Pin=JP3-3
Added Pin To Net: NetName=NetJP3_3 Pin=JP7-3
Added Net: Name=NetJP3_3
Added Pin To Net: NetName=NetJP3_4 Pin=JP3-4
Added Pin To Net: NetName=NetJP3_4 Pin=JP7-4
Added Net: Name=NetJP3_4
Added Pin To Net: NetName=NetJP4_37 Pin=JP4-37
Added Pin To Net: NetName=NetJP4_37 Pin=JP8-37
Added Net: Name=NetJP4_37
Added Pin To Net: NetName=NetJP4_38 Pin=JP4-38
Added Pin To Net: NetName=NetJP4_38 Pin=JP8-38
Added Net: Name=NetJP4_38
Added Pin To Net: NetName=NetJP4_39 Pin=JP4-39
Added Pin To Net: NetName=NetJP4_39 Pin=JP8-39
Added Net: Name=NetJP4_39
Added Pin To Net: NetName=NetJP4_40 Pin=JP4-40
Added Pin To Net: NetName=NetJP4_40 Pin=JP8-40
Added Net: Name=NetJP4_40
Added Pin To Net: NetName=PA3 Pin=JP2-1
Added Pin To Net: NetName=PA3 Pin=JP6-1
Added Pin To Net: NetName=PA3 Pin=U1-37
Added Net: Name=PA3
Added Pin To Net: NetName=PA4 Pin=JP2-4
Added Pin To Net: NetName=PA4 Pin=JP6-4
Added Pin To Net: NetName=PA4 Pin=U1-40
Added Net: Name=PA4
Added Pin To Net: NetName=PA5 Pin=JP2-5
Added Pin To Net: NetName=PA5 Pin=JP6-5
Added Pin To Net: NetName=PA5 Pin=U1-41
Added Net: Name=PA5
Added Pin To Net: NetName=PA6 Pin=JP2-6
Added Pin To Net: NetName=PA6 Pin=JP6-6
Added Pin To Net: NetName=PA6 Pin=U1-42
Added Net: Name=PA6
Added Pin To Net: NetName=PA7 Pin=JP2-7
Added Pin To Net: NetName=PA7 Pin=JP6-7
Added Pin To Net: NetName=PA7 Pin=U1-43
Added Net: Name=PA7
Added Pin To Net: NetName=PA8 Pin=JP3-32
Added Pin To Net: NetName=PA8 Pin=JP7-32
Added Pin To Net: NetName=PA8 Pin=U1-100
Added Net: Name=PA8
Added Pin To Net: NetName=PA9 Pin=JP3-33
Added Pin To Net: NetName=PA9 Pin=JP7-33
Added Pin To Net: NetName=PA9 Pin=U1-101
Added Net: Name=PA9
Added Pin To Net: NetName=PA10 Pin=JP3-34
Added Pin To Net: NetName=PA10 Pin=JP7-34
Added Pin To Net: NetName=PA10 Pin=U1-102
Added Net: Name=PA10
Added Pin To Net: NetName=PA11 Pin=JP3-35
Added Pin To Net: NetName=PA11 Pin=JP7-35
Added Pin To Net: NetName=PA11 Pin=U1-103
Added Net: Name=PA11
Added Pin To Net: NetName=PA12 Pin=JP3-36
Added Pin To Net: NetName=PA12 Pin=JP7-36
Added Pin To Net: NetName=PA12 Pin=U1-104
Added Net: Name=PA12
Added Pin To Net: NetName=PA13 Pin=JP3-37
Added Pin To Net: NetName=PA13 Pin=JP7-37
Added Pin To Net: NetName=PA13 Pin=U1-105
Added Net: Name=PA13
Added Pin To Net: NetName=PA14 Pin=JP4-1
Added Pin To Net: NetName=PA14 Pin=JP8-1
Added Pin To Net: NetName=PA14 Pin=U1-109
Added Net: Name=PA14
Added Pin To Net: NetName=PA15 Pin=JP4-2
Added Pin To Net: NetName=PA15 Pin=JP8-2
Added Pin To Net: NetName=PA15 Pin=U1-110
Added Net: Name=PA15
Added Pin To Net: NetName=PB0 Pin=JP2-10
Added Pin To Net: NetName=PB0 Pin=JP6-10
Added Pin To Net: NetName=PB0 Pin=U1-46
Added Net: Name=PB0
Added Pin To Net: NetName=PB1 Pin=JP2-11
Added Pin To Net: NetName=PB1 Pin=JP6-11
Added Pin To Net: NetName=PB1 Pin=U1-47
Added Net: Name=PB1
Added Pin To Net: NetName=PB2 Pin=JP2-12
Added Pin To Net: NetName=PB2 Pin=JP6-12
Added Pin To Net: NetName=PB2 Pin=U1-48
Added Net: Name=PB2
Added Pin To Net: NetName=PB3 Pin=JP4-25
Added Pin To Net: NetName=PB3 Pin=JP8-25
Added Pin To Net: NetName=PB3 Pin=U1-133
Added Net: Name=PB3
Added Pin To Net: NetName=PB4 Pin=JP4-26
Added Pin To Net: NetName=PB4 Pin=JP8-26
Added Pin To Net: NetName=PB4 Pin=U1-134
Added Net: Name=PB4
Added Pin To Net: NetName=PB5 Pin=JP4-27
Added Pin To Net: NetName=PB5 Pin=JP8-27
Added Pin To Net: NetName=PB5 Pin=U1-135
Added Net: Name=PB5
Added Pin To Net: NetName=PB6 Pin=JP4-28
Added Pin To Net: NetName=PB6 Pin=JP8-28
Added Pin To Net: NetName=PB6 Pin=U1-136
Added Net: Name=PB6
Added Pin To Net: NetName=PB7 Pin=JP4-29
Added Pin To Net: NetName=PB7 Pin=JP8-29
Added Pin To Net: NetName=PB7 Pin=U1-137
Added Net: Name=PB7
Added Pin To Net: NetName=PB8 Pin=JP4-31
Added Pin To Net: NetName=PB8 Pin=JP8-31
Added Pin To Net: NetName=PB8 Pin=U1-139
Added Net: Name=PB8
Added Pin To Net: NetName=PB9 Pin=JP4-32
Added Pin To Net: NetName=PB9 Pin=JP8-32
Added Pin To Net: NetName=PB9 Pin=U1-140
Added Net: Name=PB9
Added Pin To Net: NetName=PB10 Pin=JP2-33
Added Pin To Net: NetName=PB10 Pin=JP6-33
Added Pin To Net: NetName=PB10 Pin=U1-69
Added Net: Name=PB10
Added Pin To Net: NetName=PB11 Pin=JP2-34
Added Pin To Net: NetName=PB11 Pin=JP6-34
Added Pin To Net: NetName=PB11 Pin=U1-70
Added Net: Name=PB11
Added Pin To Net: NetName=PB12 Pin=JP3-5
Added Pin To Net: NetName=PB12 Pin=JP7-5
Added Pin To Net: NetName=PB12 Pin=U1-73
Added Net: Name=PB12
Added Pin To Net: NetName=PB13 Pin=JP3-6
Added Pin To Net: NetName=PB13 Pin=JP7-6
Added Pin To Net: NetName=PB13 Pin=U1-74
Added Net: Name=PB13
Added Pin To Net: NetName=PB14 Pin=JP3-7
Added Pin To Net: NetName=PB14 Pin=JP7-7
Added Pin To Net: NetName=PB14 Pin=U1-75
Added Net: Name=PB14
Added Pin To Net: NetName=PB15 Pin=JP3-8
Added Pin To Net: NetName=PB15 Pin=JP7-8
Added Pin To Net: NetName=PB15 Pin=U1-76
Added Net: Name=PB15
Added Pin To Net: NetName=PC4 Pin=JP2-8
Added Pin To Net: NetName=PC4 Pin=JP6-8
Added Pin To Net: NetName=PC4 Pin=U1-44
Added Net: Name=PC4
Added Pin To Net: NetName=PC5 Pin=JP2-9
Added Pin To Net: NetName=PC5 Pin=JP6-9
Added Pin To Net: NetName=PC5 Pin=U1-45
Added Net: Name=PC5
Added Pin To Net: NetName=PC6 Pin=JP3-28
Added Pin To Net: NetName=PC6 Pin=JP7-28
Added Pin To Net: NetName=PC6 Pin=U1-96
Added Net: Name=PC6
Added Pin To Net: NetName=PC7 Pin=JP3-29
Added Pin To Net: NetName=PC7 Pin=JP7-29
Added Pin To Net: NetName=PC7 Pin=U1-97
Added Net: Name=PC7
Added Pin To Net: NetName=PC8 Pin=JP3-30
Added Pin To Net: NetName=PC8 Pin=JP7-30
Added Pin To Net: NetName=PC8 Pin=U1-98
Added Net: Name=PC8
Added Pin To Net: NetName=PC9 Pin=JP3-31
Added Pin To Net: NetName=PC9 Pin=JP7-31
Added Pin To Net: NetName=PC9 Pin=U1-99
Added Net: Name=PC9
Added Pin To Net: NetName=PC10 Pin=JP4-3
Added Pin To Net: NetName=PC10 Pin=JP8-3
Added Pin To Net: NetName=PC10 Pin=U1-111
Added Net: Name=PC10
Added Pin To Net: NetName=PC11 Pin=JP4-4
Added Pin To Net: NetName=PC11 Pin=JP8-4
Added Pin To Net: NetName=PC11 Pin=U1-112
Added Net: Name=PC11
Added Pin To Net: NetName=PC12 Pin=JP4-5
Added Pin To Net: NetName=PC12 Pin=JP8-5
Added Pin To Net: NetName=PC12 Pin=U1-113
Added Net: Name=PC12
Added Pin To Net: NetName=PD0 Pin=JP4-6
Added Pin To Net: NetName=PD0 Pin=JP8-6
Added Pin To Net: NetName=PD0 Pin=U1-114
Added Net: Name=PD0
Added Pin To Net: NetName=PD1 Pin=JP4-7
Added Pin To Net: NetName=PD1 Pin=JP8-7
Added Pin To Net: NetName=PD1 Pin=U1-115
Added Net: Name=PD1
Added Pin To Net: NetName=PD2 Pin=JP4-8
Added Pin To Net: NetName=PD2 Pin=JP8-8
Added Pin To Net: NetName=PD2 Pin=U1-116
Added Net: Name=PD2
Added Pin To Net: NetName=PD3 Pin=JP4-9
Added Pin To Net: NetName=PD3 Pin=JP8-9
Added Pin To Net: NetName=PD3 Pin=U1-117
Added Net: Name=PD3
Added Pin To Net: NetName=PD4 Pin=JP4-10
Added Pin To Net: NetName=PD4 Pin=JP8-10
Added Pin To Net: NetName=PD4 Pin=U1-118
Added Net: Name=PD4
Added Pin To Net: NetName=PD5 Pin=JP4-11
Added Pin To Net: NetName=PD5 Pin=JP8-11
Added Pin To Net: NetName=PD5 Pin=U1-119
Added Net: Name=PD5
Added Pin To Net: NetName=PD6 Pin=JP4-14
Added Pin To Net: NetName=PD6 Pin=JP8-14
Added Pin To Net: NetName=PD6 Pin=U1-122
Added Net: Name=PD6
Added Pin To Net: NetName=PD7 Pin=JP4-15
Added Pin To Net: NetName=PD7 Pin=JP8-15
Added Pin To Net: NetName=PD7 Pin=U1-123
Added Net: Name=PD7
Added Pin To Net: NetName=PD8 Pin=JP3-9
Added Pin To Net: NetName=PD8 Pin=JP7-9
Added Pin To Net: NetName=PD8 Pin=U1-77
Added Net: Name=PD8
Added Pin To Net: NetName=PD9 Pin=JP3-10
Added Pin To Net: NetName=PD9 Pin=JP7-10
Added Pin To Net: NetName=PD9 Pin=U1-78
Added Net: Name=PD9
Added Pin To Net: NetName=PD10 Pin=JP3-11
Added Pin To Net: NetName=PD10 Pin=JP7-11
Added Pin To Net: NetName=PD10 Pin=U1-79
Added Net: Name=PD10
Added Pin To Net: NetName=PD11 Pin=JP3-12
Added Pin To Net: NetName=PD11 Pin=JP7-12
Added Pin To Net: NetName=PD11 Pin=U1-80
Added Net: Name=PD11
Added Pin To Net: NetName=PD12 Pin=JP3-13
Added Pin To Net: NetName=PD12 Pin=JP7-13
Added Pin To Net: NetName=PD12 Pin=U1-81
Added Net: Name=PD12
Added Pin To Net: NetName=PD13 Pin=JP3-14
Added Pin To Net: NetName=PD13 Pin=JP7-14
Added Pin To Net: NetName=PD13 Pin=U1-82
Added Net: Name=PD13
Added Pin To Net: NetName=PD14 Pin=JP3-17
Added Pin To Net: NetName=PD14 Pin=JP7-17
Added Pin To Net: NetName=PD14 Pin=U1-85
Added Net: Name=PD14
Added Pin To Net: NetName=PD15 Pin=JP3-18
Added Pin To Net: NetName=PD15 Pin=JP7-18
Added Pin To Net: NetName=PD15 Pin=U1-86
Added Net: Name=PD15
Added Pin To Net: NetName=PE0 Pin=JP4-33
Added Pin To Net: NetName=PE0 Pin=JP8-33
Added Pin To Net: NetName=PE0 Pin=U1-141
Added Net: Name=PE0
Added Pin To Net: NetName=PE1 Pin=JP4-34
Added Pin To Net: NetName=PE1 Pin=JP8-34
Added Pin To Net: NetName=PE1 Pin=U1-142
Added Net: Name=PE1
Added Pin To Net: NetName=PE7 Pin=JP2-22
Added Pin To Net: NetName=PE7 Pin=JP6-22
Added Pin To Net: NetName=PE7 Pin=U1-58
Added Net: Name=PE7
Added Pin To Net: NetName=PE8 Pin=JP2-23
Added Pin To Net: NetName=PE8 Pin=JP6-23
Added Pin To Net: NetName=PE8 Pin=U1-59
Added Net: Name=PE8
Added Pin To Net: NetName=PE9 Pin=JP2-24
Added Pin To Net: NetName=PE9 Pin=JP6-24
Added Pin To Net: NetName=PE9 Pin=U1-60
Added Net: Name=PE9
Added Pin To Net: NetName=PE10 Pin=JP2-27
Added Pin To Net: NetName=PE10 Pin=JP6-27
Added Pin To Net: NetName=PE10 Pin=U1-63
Added Net: Name=PE10
Added Pin To Net: NetName=PE11 Pin=JP2-28
Added Pin To Net: NetName=PE11 Pin=JP6-28
Added Pin To Net: NetName=PE11 Pin=U1-64
Added Net: Name=PE11
Added Pin To Net: NetName=PE12 Pin=JP2-29
Added Pin To Net: NetName=PE12 Pin=JP6-29
Added Pin To Net: NetName=PE12 Pin=U1-65
Added Net: Name=PE12
Added Pin To Net: NetName=PE13 Pin=JP2-30
Added Pin To Net: NetName=PE13 Pin=JP6-30
Added Pin To Net: NetName=PE13 Pin=U1-66
Added Net: Name=PE13
Added Pin To Net: NetName=PE14 Pin=JP2-31
Added Pin To Net: NetName=PE14 Pin=JP6-31
Added Pin To Net: NetName=PE14 Pin=U1-67
Added Net: Name=PE14
Added Pin To Net: NetName=PE15 Pin=JP2-32
Added Pin To Net: NetName=PE15 Pin=JP6-32
Added Pin To Net: NetName=PE15 Pin=U1-68
Added Net: Name=PE15
Added Pin To Net: NetName=PF11 Pin=JP2-13
Added Pin To Net: NetName=PF11 Pin=JP6-13
Added Pin To Net: NetName=PF11 Pin=U1-49
Added Net: Name=PF11
Added Pin To Net: NetName=PF12 Pin=JP2-14
Added Pin To Net: NetName=PF12 Pin=JP6-14
Added Pin To Net: NetName=PF12 Pin=U1-50
Added Net: Name=PF12
Added Pin To Net: NetName=PF13 Pin=JP2-17
Added Pin To Net: NetName=PF13 Pin=JP6-17
Added Pin To Net: NetName=PF13 Pin=U1-53
Added Net: Name=PF13
Added Pin To Net: NetName=PF14 Pin=JP2-18
Added Pin To Net: NetName=PF14 Pin=JP6-18
Added Pin To Net: NetName=PF14 Pin=U1-54
Added Net: Name=PF14
Added Pin To Net: NetName=PF15 Pin=JP2-19
Added Pin To Net: NetName=PF15 Pin=JP6-19
Added Pin To Net: NetName=PF15 Pin=U1-55
Added Net: Name=PF15
Added Pin To Net: NetName=PG0 Pin=JP2-20
Added Pin To Net: NetName=PG0 Pin=JP6-20
Added Pin To Net: NetName=PG0 Pin=U1-56
Added Net: Name=PG0
Added Pin To Net: NetName=PG1 Pin=JP2-21
Added Pin To Net: NetName=PG1 Pin=JP6-21
Added Pin To Net: NetName=PG1 Pin=U1-57
Added Net: Name=PG1
Added Pin To Net: NetName=PG2 Pin=JP3-19
Added Pin To Net: NetName=PG2 Pin=JP7-19
Added Pin To Net: NetName=PG2 Pin=U1-87
Added Net: Name=PG2
Added Pin To Net: NetName=PG3 Pin=JP3-20
Added Pin To Net: NetName=PG3 Pin=JP7-20
Added Pin To Net: NetName=PG3 Pin=U1-88
Added Net: Name=PG3
Added Pin To Net: NetName=PG4 Pin=JP3-21
Added Pin To Net: NetName=PG4 Pin=JP7-21
Added Pin To Net: NetName=PG4 Pin=U1-89
Added Net: Name=PG4
Added Pin To Net: NetName=PG5 Pin=JP3-22
Added Pin To Net: NetName=PG5 Pin=JP7-22
Added Pin To Net: NetName=PG5 Pin=U1-90
Added Net: Name=PG5
Added Pin To Net: NetName=PG6 Pin=JP3-23
Added Pin To Net: NetName=PG6 Pin=JP7-23
Added Pin To Net: NetName=PG6 Pin=U1-91
Added Net: Name=PG6
Added Pin To Net: NetName=PG7 Pin=JP3-24
Added Pin To Net: NetName=PG7 Pin=JP7-24
Added Pin To Net: NetName=PG7 Pin=U1-92
Added Net: Name=PG7
Added Pin To Net: NetName=PG8 Pin=JP3-25
Added Pin To Net: NetName=PG8 Pin=JP7-25
Added Pin To Net: NetName=PG8 Pin=U1-93
Added Net: Name=PG8
Added Pin To Net: NetName=PG9 Pin=JP4-16
Added Pin To Net: NetName=PG9 Pin=JP8-16
Added Pin To Net: NetName=PG9 Pin=U1-124
Added Net: Name=PG9
Added Pin To Net: NetName=PG10 Pin=JP4-17
Added Pin To Net: NetName=PG10 Pin=JP8-17
Added Pin To Net: NetName=PG10 Pin=U1-125
Added Net: Name=PG10
Added Pin To Net: NetName=PG11 Pin=JP4-18
Added Pin To Net: NetName=PG11 Pin=JP8-18
Added Pin To Net: NetName=PG11 Pin=U1-126
Added Net: Name=PG11
Added Pin To Net: NetName=PG12 Pin=JP4-19
Added Pin To Net: NetName=PG12 Pin=JP8-19
Added Pin To Net: NetName=PG12 Pin=U1-127
Added Net: Name=PG12
Added Pin To Net: NetName=PG13 Pin=JP4-20
Added Pin To Net: NetName=PG13 Pin=JP8-20
Added Pin To Net: NetName=PG13 Pin=U1-128
Added Net: Name=PG13
Added Pin To Net: NetName=PG14 Pin=JP4-21
Added Pin To Net: NetName=PG14 Pin=JP8-21
Added Pin To Net: NetName=PG14 Pin=U1-129
Added Net: Name=PG14
Added Pin To Net: NetName=PG15 Pin=JP4-24
Added Pin To Net: NetName=PG15 Pin=JP8-24
Added Pin To Net: NetName=PG15 Pin=U1-132
Added Net: Name=PG15
Added Pin To Net: NetName=RFU Pin=JP4-35
Added Pin To Net: NetName=RFU Pin=JP8-35
Added Pin To Net: NetName=RFU Pin=U1-143
Added Net: Name=RFU
Added Pin To Net: NetName=VCAP_1 Pin=JP2-35
Added Pin To Net: NetName=VCAP_1 Pin=JP6-35
Added Pin To Net: NetName=VCAP_1 Pin=U1-71
Added Net: Name=VCAP_1
Added Pin To Net: NetName=VCAP_2 Pin=JP3-38
Added Pin To Net: NetName=VCAP_2 Pin=JP7-38
Added Pin To Net: NetName=VCAP_2 Pin=U1-106
Added Net: Name=VCAP_2
Added Pin To Net: NetName=VDD_1 Pin=JP2-36
Added Pin To Net: NetName=VDD_1 Pin=JP6-36
Added Pin To Net: NetName=VDD_1 Pin=U1-72
Added Net: Name=VDD_1
Added Pin To Net: NetName=VDD_2 Pin=JP3-40
Added Pin To Net: NetName=VDD_2 Pin=JP7-40
Added Pin To Net: NetName=VDD_2 Pin=U1-108
Added Net: Name=VDD_2
Added Pin To Net: NetName=VDD_3 Pin=JP4-36
Added Pin To Net: NetName=VDD_3 Pin=JP8-36
Added Pin To Net: NetName=VDD_3 Pin=U1-144
Added Net: Name=VDD_3
Added Pin To Net: NetName=VDD_4 Pin=JP2-3
Added Pin To Net: NetName=VDD_4 Pin=JP6-3
Added Pin To Net: NetName=VDD_4 Pin=U1-39
Added Net: Name=VDD_4
Added Pin To Net: NetName=VDD_6 Pin=JP2-16
Added Pin To Net: NetName=VDD_6 Pin=JP6-16
Added Pin To Net: NetName=VDD_6 Pin=U1-52
Added Net: Name=VDD_6
Added Pin To Net: NetName=VDD_7 Pin=JP2-26
Added Pin To Net: NetName=VDD_7 Pin=JP6-26
Added Pin To Net: NetName=VDD_7 Pin=U1-62
Added Net: Name=VDD_7
Added Pin To Net: NetName=VDD_8 Pin=JP3-16
Added Pin To Net: NetName=VDD_8 Pin=JP7-16
Added Pin To Net: NetName=VDD_8 Pin=U1-84
Added Net: Name=VDD_8
Added Pin To Net: NetName=VDD_9 Pin=JP3-27
Added Pin To Net: NetName=VDD_9 Pin=JP7-27
Added Pin To Net: NetName=VDD_9 Pin=U1-95
Added Net: Name=VDD_9
Added Pin To Net: NetName=VDD_10 Pin=JP4-13
Added Pin To Net: NetName=VDD_10 Pin=JP8-13
Added Pin To Net: NetName=VDD_10 Pin=U1-121
Added Net: Name=VDD_10
Added Pin To Net: NetName=VDD_11 Pin=JP4-23
Added Pin To Net: NetName=VDD_11 Pin=JP8-23
Added Pin To Net: NetName=VDD_11 Pin=U1-131
Added Net: Name=VDD_11
Added Pin To Net: NetName=VSS_2 Pin=JP3-39
Added Pin To Net: NetName=VSS_2 Pin=JP7-39
Added Pin To Net: NetName=VSS_2 Pin=U1-107
Added Net: Name=VSS_2
Added Pin To Net: NetName=VSS_4 Pin=JP2-2
Added Pin To Net: NetName=VSS_4 Pin=JP6-2
Added Pin To Net: NetName=VSS_4 Pin=U1-38
Added Net: Name=VSS_4
Added Pin To Net: NetName=VSS_6 Pin=JP2-15
Added Pin To Net: NetName=VSS_6 Pin=JP6-15
Added Pin To Net: NetName=VSS_6 Pin=U1-51
Added Net: Name=VSS_6
Added Pin To Net: NetName=VSS_7 Pin=JP2-25
Added Pin To Net: NetName=VSS_7 Pin=JP6-25
Added Pin To Net: NetName=VSS_7 Pin=U1-61
Added Net: Name=VSS_7
Added Pin To Net: NetName=VSS_8 Pin=JP3-15
Added Pin To Net: NetName=VSS_8 Pin=JP7-15
Added Pin To Net: NetName=VSS_8 Pin=U1-83
Added Net: Name=VSS_8
Added Pin To Net: NetName=VSS_9 Pin=JP3-26
Added Pin To Net: NetName=VSS_9 Pin=JP7-26
Added Pin To Net: NetName=VSS_9 Pin=U1-94
Added Net: Name=VSS_9
Added Pin To Net: NetName=VSS_10 Pin=JP4-12
Added Pin To Net: NetName=VSS_10 Pin=JP8-12
Added Pin To Net: NetName=VSS_10 Pin=U1-120
Added Net: Name=VSS_10
Added Pin To Net: NetName=VSS_11 Pin=JP4-22
Added Pin To Net: NetName=VSS_11 Pin=JP8-22
Added Pin To Net: NetName=VSS_11 Pin=U1-130
Added Net: Name=VSS_11
Added Pin To Net: NetName=PE6 Pin=U1-1
Added Pin To Net: NetName=VBAT Pin=U1-2
Added Pin To Net: NetName=PC13 Pin=U1-3
Added Pin To Net: NetName=PC14 Pin=U1-4
Added Pin To Net: NetName=PC15 Pin=U1-5
Added Pin To Net: NetName=PF0 Pin=U1-6
Added Pin To Net: NetName=PF1 Pin=U1-7
Added Pin To Net: NetName=PF2 Pin=U1-8
Added Pin To Net: NetName=PF3 Pin=U1-9
Added Pin To Net: NetName=PF4 Pin=U1-10
Added Pin To Net: NetName=PF5 Pin=U1-11
Added Pin To Net: NetName=VSS_5 Pin=U1-12
Added Pin To Net: NetName=VDD_5 Pin=U1-13
Added Pin To Net: NetName=PF6 Pin=U1-14
Added Pin To Net: NetName=PF7 Pin=U1-15
Added Pin To Net: NetName=PF8 Pin=U1-16
Added Pin To Net: NetName=PF9 Pin=U1-17
Added Pin To Net: NetName=PF10 Pin=U1-18
Added Pin To Net: NetName=PH0 Pin=U1-19
Added Pin To Net: NetName=PH1 Pin=U1-20
Added Pin To Net: NetName=NRST Pin=U1-21
Added Pin To Net: NetName=PC0 Pin=U1-22
Added Pin To Net: NetName=PC1 Pin=U1-23
Added Pin To Net: NetName=PC2 Pin=U1-24
Added Pin To Net: NetName=PC3 Pin=U1-25
Added Pin To Net: NetName=VDD_12 Pin=U1-26
Added Pin To Net: NetName=VSSA Pin=U1-27
Added Pin To Net: NetName=VREF+ Pin=U1-28
Added Pin To Net: NetName=VDDA Pin=U1-29
Added Pin To Net: NetName=PA0 Pin=U1-30
Added Pin To Net: NetName=PA1 Pin=U1-31
Added Pin To Net: NetName=PA2 Pin=U1-32
Added Member To Class: ClassName=main_sch Member=Component JP3 Header 20X2
Added Member To Class: ClassName=main_sch Member=Component JP4 Header 20X2
Added Member To Class: ClassName=main_sch Member=Component JP5 Header 20X2
Added Member To Class: ClassName=main_sch Member=Component JP6 Header 20X2
Added Member To Class: ClassName=main_sch Member=Component JP7 Header 20X2
Added Member To Class: ClassName=main_sch Member=Component JP8 Header 20X2
